<?xml version="1.0" encoding="UTF-8"?>
<!-- Generated by org.testng.reporters.JUnitXMLReporter -->
<testsuite ignored="0" hostname="DESKTOP-R1FF5SH" failures="1" tests="10" name="Test" time="0.12" errors="0" timestamp="23 Jan. 2022 14:44:44 GMT">
  <testcase classname="selenium.NewTest" name="Test1" time="0.001"/>
  <testcase classname="selenium.NewTest" name="Test2" time="0.0"/>
  <testcase classname="selenium.NewTest" name="Test3" time="0.0"/>
  <testcase classname="selenium.NewTest" name="abc" time="0.002"/>
  <testcase classname="selenium.NewTest" name="abc" time="0.0"/>
  <testcase classname="selenium.NewTest2" name="Test4" time="0.0"/>
  <testcase classname="selenium.NewTest2" name="Test5" time="0.001"/>
  <testcase classname="selenium.NewTest3" name="createuser" time="0.009"/>
  <testcase classname="selenium.NewTest3" name="edituser" time="0.005">
    <failure type="java.lang.AssertionError" message="The following asserts failed:
	Veryfing Element expected [true] but found [false]">
      <![CDATA[java.lang.AssertionError: The following asserts failed:
Veryfing Element expected [true] but found [false]
at selenium.NewTest3.edituser(NewTest3.java:27)
... Removed 25 stack frames]]>
    </failure>
  </testcase> <!-- edituser -->
  <testcase classname="selenium.NewTest3" name="deleteuser" time="0.001">
    <skipped/>
  </testcase> <!-- deleteuser -->
</testsuite> <!-- Test -->
