<?xml version="1.0" encoding="UTF-8"?>
<testng-results ignored="0" total="10" passed="8" failed="1" skipped="1">
  <reporter-output>
  </reporter-output>
  <suite started-at="2022-01-23T14:44:44Z" name="Suite" finished-at="2022-01-23T14:44:44Z" duration-ms="120">
    <groups>
      <group name="smoke">
        <method signature="NewTest3.createuser()[pri:1, instance:selenium.NewTest3@17d677df]" name="createuser" class="selenium.NewTest3"/>
        <method signature="NewTest.Test1()[pri:0, instance:selenium.NewTest@7a765367]" name="Test1" class="selenium.NewTest"/>
        <method signature="NewTest2.Test4()[pri:0, instance:selenium.NewTest2@76b0bfab]" name="Test4" class="selenium.NewTest2"/>
      </group> <!-- smoke -->
      <group name="sanity">
        <method signature="NewTest.Test1()[pri:0, instance:selenium.NewTest@7a765367]" name="Test1" class="selenium.NewTest"/>
        <method signature="NewTest2.Test5()[pri:0, instance:selenium.NewTest2@76b0bfab]" name="Test5" class="selenium.NewTest2"/>
      </group> <!-- sanity -->
    </groups>
    <test started-at="2022-01-23T14:44:44Z" name="Test" finished-at="2022-01-23T14:44:44Z" duration-ms="120">
      <class name="selenium.NewTest">
        <test-method is-config="true" signature="beforeSuite()[pri:0, instance:selenium.NewTest@7a765367]" started-at="2022-01-23T14:44:44Z" name="beforeSuite" finished-at="2022-01-23T14:44:44Z" duration-ms="45" status="PASS">
          <reporter-output>
          </reporter-output>
        </test-method> <!-- beforeSuite -->
        <test-method is-config="true" signature="beforeTest()[pri:0, instance:selenium.NewTest@7a765367]" started-at="2022-01-23T14:44:44Z" name="beforeTest" finished-at="2022-01-23T14:44:44Z" duration-ms="1" status="PASS">
          <reporter-output>
          </reporter-output>
        </test-method> <!-- beforeTest -->
        <test-method is-config="true" signature="beforeClass()[pri:0, instance:selenium.NewTest@7a765367]" started-at="2022-01-23T14:44:44Z" name="beforeClass" finished-at="2022-01-23T14:44:44Z" duration-ms="0" status="PASS">
          <reporter-output>
          </reporter-output>
        </test-method> <!-- beforeClass -->
        <test-method is-config="true" signature="beforeMethod()[pri:0, instance:selenium.NewTest@7a765367]" started-at="2022-01-23T14:44:44Z" name="beforeMethod" finished-at="2022-01-23T14:44:44Z" duration-ms="4" status="PASS">
          <reporter-output>
          </reporter-output>
        </test-method> <!-- beforeMethod -->
        <test-method signature="Test1()[pri:0, instance:selenium.NewTest@7a765367]" started-at="2022-01-23T14:44:44Z" name="Test1" finished-at="2022-01-23T14:44:44Z" duration-ms="1" status="PASS">
          <reporter-output>
          </reporter-output>
        </test-method> <!-- Test1 -->
        <test-method is-config="true" signature="afterMethod()[pri:0, instance:selenium.NewTest@7a765367]" started-at="2022-01-23T14:44:44Z" name="afterMethod" finished-at="2022-01-23T14:44:44Z" duration-ms="3" status="PASS">
          <reporter-output>
          </reporter-output>
        </test-method> <!-- afterMethod -->
        <test-method is-config="true" signature="beforeMethod()[pri:0, instance:selenium.NewTest@7a765367]" started-at="2022-01-23T14:44:44Z" name="beforeMethod" finished-at="2022-01-23T14:44:44Z" duration-ms="0" status="PASS">
          <reporter-output>
          </reporter-output>
        </test-method> <!-- beforeMethod -->
        <test-method is-config="true" signature="afterMethod()[pri:0, instance:selenium.NewTest@7a765367]" started-at="2022-01-23T14:44:44Z" name="afterMethod" finished-at="2022-01-23T14:44:44Z" duration-ms="1" status="PASS">
          <reporter-output>
          </reporter-output>
        </test-method> <!-- afterMethod -->
        <test-method signature="Test2()[pri:0, instance:selenium.NewTest@7a765367]" started-at="2022-01-23T14:44:44Z" name="Test2" finished-at="2022-01-23T14:44:44Z" duration-ms="0" status="PASS">
          <reporter-output>
          </reporter-output>
        </test-method> <!-- Test2 -->
        <test-method is-config="true" signature="beforeMethod()[pri:0, instance:selenium.NewTest@7a765367]" started-at="2022-01-23T14:44:44Z" name="beforeMethod" finished-at="2022-01-23T14:44:44Z" duration-ms="1" status="PASS">
          <reporter-output>
          </reporter-output>
        </test-method> <!-- beforeMethod -->
        <test-method signature="Test3()[pri:0, instance:selenium.NewTest@7a765367]" started-at="2022-01-23T14:44:44Z" name="Test3" finished-at="2022-01-23T14:44:44Z" duration-ms="0" status="PASS">
          <reporter-output>
          </reporter-output>
        </test-method> <!-- Test3 -->
        <test-method is-config="true" signature="afterMethod()[pri:0, instance:selenium.NewTest@7a765367]" started-at="2022-01-23T14:44:44Z" name="afterMethod" finished-at="2022-01-23T14:44:44Z" duration-ms="1" status="PASS">
          <reporter-output>
          </reporter-output>
        </test-method> <!-- afterMethod -->
        <test-method is-config="true" signature="beforeMethod()[pri:0, instance:selenium.NewTest@7a765367]" started-at="2022-01-23T14:44:44Z" name="beforeMethod" finished-at="2022-01-23T14:44:44Z" duration-ms="2" status="PASS">
          <reporter-output>
          </reporter-output>
        </test-method> <!-- beforeMethod -->
        <test-method signature="abc(java.lang.Integer, java.lang.String)[pri:0, instance:selenium.NewTest@7a765367]" started-at="2022-01-23T14:44:44Z" name="abc" data-provider="dp" finished-at="2022-01-23T14:44:44Z" duration-ms="2" status="PASS">
          <params>
            <param index="0">
              <value>
                <![CDATA[1]]>
              </value>
            </param>
            <param index="1">
              <value>
                <![CDATA[a]]>
              </value>
            </param>
          </params>
          <reporter-output>
          </reporter-output>
        </test-method> <!-- abc -->
        <test-method is-config="true" signature="afterMethod()[pri:0, instance:selenium.NewTest@7a765367]" started-at="2022-01-23T14:44:44Z" name="afterMethod" finished-at="2022-01-23T14:44:44Z" duration-ms="1" status="PASS">
          <reporter-output>
          </reporter-output>
        </test-method> <!-- afterMethod -->
        <test-method is-config="true" signature="beforeMethod()[pri:0, instance:selenium.NewTest@7a765367]" started-at="2022-01-23T14:44:44Z" name="beforeMethod" finished-at="2022-01-23T14:44:44Z" duration-ms="2" status="PASS">
          <reporter-output>
          </reporter-output>
        </test-method> <!-- beforeMethod -->
        <test-method signature="abc(java.lang.Integer, java.lang.String)[pri:0, instance:selenium.NewTest@7a765367]" started-at="2022-01-23T14:44:44Z" name="abc" data-provider="dp" finished-at="2022-01-23T14:44:44Z" duration-ms="0" status="PASS">
          <params>
            <param index="0">
              <value>
                <![CDATA[2]]>
              </value>
            </param>
            <param index="1">
              <value>
                <![CDATA[b]]>
              </value>
            </param>
          </params>
          <reporter-output>
          </reporter-output>
        </test-method> <!-- abc -->
        <test-method is-config="true" signature="afterMethod()[pri:0, instance:selenium.NewTest@7a765367]" started-at="2022-01-23T14:44:44Z" name="afterMethod" finished-at="2022-01-23T14:44:44Z" duration-ms="1" status="PASS">
          <reporter-output>
          </reporter-output>
        </test-method> <!-- afterMethod -->
        <test-method is-config="true" signature="afterClass()[pri:0, instance:selenium.NewTest@7a765367]" started-at="2022-01-23T14:44:44Z" name="afterClass" finished-at="2022-01-23T14:44:44Z" duration-ms="0" status="PASS">
          <reporter-output>
          </reporter-output>
        </test-method> <!-- afterClass -->
        <test-method is-config="true" signature="afterTest()[pri:0, instance:selenium.NewTest@7a765367]" started-at="2022-01-23T14:44:44Z" name="afterTest" finished-at="2022-01-23T14:44:44Z" duration-ms="1" status="PASS">
          <reporter-output>
          </reporter-output>
        </test-method> <!-- afterTest -->
        <test-method is-config="true" signature="afterSuite()[pri:0, instance:selenium.NewTest@7a765367]" started-at="2022-01-23T14:44:44Z" name="afterSuite" finished-at="2022-01-23T14:44:44Z" duration-ms="0" status="PASS">
          <reporter-output>
          </reporter-output>
        </test-method> <!-- afterSuite -->
      </class> <!-- selenium.NewTest -->
      <class name="selenium.NewTest2">
        <test-method signature="Test5()[pri:0, instance:selenium.NewTest2@76b0bfab]" started-at="2022-01-23T14:44:44Z" name="Test5" finished-at="2022-01-23T14:44:44Z" duration-ms="1" status="PASS">
          <reporter-output>
          </reporter-output>
        </test-method> <!-- Test5 -->
        <test-method signature="Test4()[pri:0, instance:selenium.NewTest2@76b0bfab]" started-at="2022-01-23T14:44:44Z" name="Test4" finished-at="2022-01-23T14:44:44Z" duration-ms="0" status="PASS">
          <reporter-output>
          </reporter-output>
        </test-method> <!-- Test4 -->
      </class> <!-- selenium.NewTest2 -->
      <class name="selenium.NewTest3">
        <test-method signature="createuser()[pri:1, instance:selenium.NewTest3@17d677df]" started-at="2022-01-23T14:44:44Z" name="createuser" finished-at="2022-01-23T14:44:44Z" duration-ms="9" status="PASS">
          <reporter-output>
          </reporter-output>
        </test-method> <!-- createuser -->
        <test-method signature="edituser()[pri:2, instance:selenium.NewTest3@17d677df]" started-at="2022-01-23T14:44:44Z" name="edituser" finished-at="2022-01-23T14:44:44Z" depends-on-methods="selenium.NewTest3.createuser" duration-ms="5" status="FAIL">
          <exception class="java.lang.AssertionError">
            <message>
              <![CDATA[The following asserts failed:
Veryfing Element expected [true] but found [false]]]>
            </message>
            <full-stacktrace>
              <![CDATA[java.lang.AssertionError: The following asserts failed:
Veryfing Element expected [true] but found [false]
at org.testng.asserts.SoftAssert.assertAll(SoftAssert.java:43)
at selenium.NewTest3.edituser(NewTest3.java:27)
at java.base/jdk.internal.reflect.NativeMethodAccessorImpl.invoke0(Native Method)
at java.base/jdk.internal.reflect.NativeMethodAccessorImpl.invoke(NativeMethodAccessorImpl.java:62)
at java.base/jdk.internal.reflect.DelegatingMethodAccessorImpl.invoke(DelegatingMethodAccessorImpl.java:43)
at java.base/java.lang.reflect.Method.invoke(Method.java:564)
at org.testng.internal.MethodInvocationHelper.invokeMethod(MethodInvocationHelper.java:124)
at org.testng.internal.Invoker.invokeMethod(Invoker.java:580)
at org.testng.internal.Invoker.invokeTestMethod(Invoker.java:716)
at org.testng.internal.Invoker.invokeTestMethods(Invoker.java:988)
at org.testng.internal.TestMethodWorker.invokeTestMethods(TestMethodWorker.java:125)
at org.testng.internal.TestMethodWorker.run(TestMethodWorker.java:109)
at org.testng.TestRunner.privateRun(TestRunner.java:648)
at org.testng.TestRunner.run(TestRunner.java:505)
at org.testng.SuiteRunner.runTest(SuiteRunner.java:455)
at org.testng.SuiteRunner.runSequentially(SuiteRunner.java:450)
at org.testng.SuiteRunner.privateRun(SuiteRunner.java:415)
at org.testng.SuiteRunner.run(SuiteRunner.java:364)
at org.testng.SuiteRunnerWorker.runSuite(SuiteRunnerWorker.java:52)
at org.testng.SuiteRunnerWorker.run(SuiteRunnerWorker.java:84)
at org.testng.TestNG.runSuitesSequentially(TestNG.java:1208)
at org.testng.TestNG.runSuitesLocally(TestNG.java:1137)
at org.testng.TestNG.runSuites(TestNG.java:1049)
at org.testng.TestNG.run(TestNG.java:1017)
at org.testng.TestNG.privateMain(TestNG.java:1354)
at org.testng.TestNG.main(TestNG.java:1323)
]]>
            </full-stacktrace>
          </exception> <!-- java.lang.AssertionError -->
          <reporter-output>
          </reporter-output>
        </test-method> <!-- edituser -->
        <test-method signature="deleteuser()[pri:3, instance:selenium.NewTest3@17d677df]" started-at="2022-01-23T14:44:44Z" name="deleteuser" finished-at="2022-01-23T14:44:44Z" depends-on-methods="selenium.NewTest3.edituser" duration-ms="1" status="SKIP">
          <exception class="java.lang.Throwable">
            <message>
              <![CDATA[Method NewTest3.deleteuser()[pri:3, instance:selenium.NewTest3@17d677df] depends on not successfully finished methods]]>
            </message>
            <full-stacktrace>
              <![CDATA[java.lang.Throwable: Method NewTest3.deleteuser()[pri:3, instance:selenium.NewTest3@17d677df] depends on not successfully finished methods
at org.testng.internal.Invoker.invokeTestMethods(Invoker.java:887)
at org.testng.internal.TestMethodWorker.invokeTestMethods(TestMethodWorker.java:125)
at org.testng.internal.TestMethodWorker.run(TestMethodWorker.java:109)
at org.testng.TestRunner.privateRun(TestRunner.java:648)
at org.testng.TestRunner.run(TestRunner.java:505)
at org.testng.SuiteRunner.runTest(SuiteRunner.java:455)
at org.testng.SuiteRunner.runSequentially(SuiteRunner.java:450)
at org.testng.SuiteRunner.privateRun(SuiteRunner.java:415)
at org.testng.SuiteRunner.run(SuiteRunner.java:364)
at org.testng.SuiteRunnerWorker.runSuite(SuiteRunnerWorker.java:52)
at org.testng.SuiteRunnerWorker.run(SuiteRunnerWorker.java:84)
at org.testng.TestNG.runSuitesSequentially(TestNG.java:1208)
at org.testng.TestNG.runSuitesLocally(TestNG.java:1137)
at org.testng.TestNG.runSuites(TestNG.java:1049)
at org.testng.TestNG.run(TestNG.java:1017)
at org.testng.TestNG.privateMain(TestNG.java:1354)
at org.testng.TestNG.main(TestNG.java:1323)
]]>
            </full-stacktrace>
          </exception> <!-- java.lang.Throwable -->
          <reporter-output>
          </reporter-output>
        </test-method> <!-- deleteuser -->
      </class> <!-- selenium.NewTest3 -->
    </test> <!-- Test -->
  </suite> <!-- Suite -->
</testng-results>
